<?xml version="1.0" encoding="UTF-8"?>
<!-- Generated by org.testng.reporters.JUnitXMLReporter -->
<testsuite ignored="0" hostname="Zephyrus" failures="1" tests="3" name="Surefire test" time="0.037" errors="0" timestamp="2024-04-22T21:25:13 MSK">
  <testcase classname="pages.NumbersTest.NumbersTestNGTests" name="testNumberTestNG" time="0.003"/>
  <testcase classname="pages.PeopleTest.PersonTestNGTest" name="testPersonAgeTestNG" time="0.001"/>
  <testcase classname="tests.BookingParisSearchTests" name="myBookingParisCheckRatingXPath" time="0.001">
    <failure type="java.lang.NullPointerException" message="Cannot invoke &amp;quot;pages.booking.BookingHomeXPath.getBookingStartPage()&amp;quot; because &amp;quot;this.bookingHomePage&amp;quot; is null">
      <![CDATA[java.lang.NullPointerException: Cannot invoke "pages.booking.BookingHomeXPath.getBookingStartPage()" because "this.bookingHomePage" is null
at tests.BookingParisSearchTests.myBookingParisCheckRatingXPath(BookingParisSearchTests.java:17)
at java.base/java.util.ArrayList.forEach(ArrayList.java:1596)
... Removed 30 stack frames]]>
    </failure>
  </testcase> <!-- myBookingParisCheckRatingXPath -->
</testsuite> <!-- Surefire test -->
