<?xml version="1.0" encoding="UTF-8"?>
<!-- Generated by org.testng.reporters.JUnitXMLReporter -->
<testsuite ignored="0" hostname="Zephyrus" failures="1" tests="1" name="BookingParisSearch" time="0.028" errors="0" timestamp="2024-04-22T22:31:08 MSK">
  <testcase classname="tests.testNGtests.BookingParisSearchTests" name="myBookingParisCheckRatingXPath" time="0.004">
    <failure type="java.lang.NullPointerException" message="Cannot invoke &amp;quot;pages.booking.BookingHomeXPath.getBookingStartPage()&amp;quot; because &amp;quot;this.bookingHomePage&amp;quot; is null">
      <![CDATA[java.lang.NullPointerException: Cannot invoke "pages.booking.BookingHomeXPath.getBookingStartPage()" because "this.bookingHomePage" is null
at tests.testNGtests.BookingParisSearchTests.myBookingParisCheckRatingXPath(BookingParisSearchTests.java:19)
at java.base/java.util.ArrayList.forEach(ArrayList.java:1596)
at runners.BookingTestNGRunner.main(BookingTestNGRunner.java:16)
... Removed 22 stack frames]]>
    </failure>
  </testcase> <!-- myBookingParisCheckRatingXPath -->
</testsuite> <!-- BookingParisSearch -->
