<?xml version="1.0" encoding="UTF-8"?>
<testng-results ignored="0" total="4" passed="3" failed="1" skipped="0">
  <reporter-output>
  </reporter-output>
  <suite started-at="2024-04-24T17:20:39 MSK" name="Suite BookingTestNG" finished-at="2024-04-24T17:21:16 MSK" duration-ms="37122">
    <groups>
    </groups>
    <test started-at="2024-04-24T17:20:39 MSK" name="BookingParisSearch" finished-at="2024-04-24T17:20:51 MSK" duration-ms="12241">
      <class name="tests.testng.tests.BookingParisSearchTests">
        <test-method is-config="true" signature="DriverInit()[pri:0, instance:tests.testng.tests.BookingParisSearchTests@5ccddd20]" started-at="2024-04-24T17:20:39 MSK" name="DriverInit" finished-at="2024-04-24T17:20:39 MSK" duration-ms="7" status="PASS">
          <reporter-output>
          </reporter-output>
        </test-method> <!-- DriverInit -->
        <test-method signature="BookingParisSearch()[pri:0, instance:tests.testng.tests.BookingParisSearchTests@5ccddd20]" started-at="2024-04-24T17:20:39 MSK" name="BookingParisSearch" finished-at="2024-04-24T17:20:51 MSK" duration-ms="12130" status="FAIL">
          <exception class="java.lang.AssertionError">
            <message>
              <![CDATA[Оценка 6,1 expected [Оценка 6,3] but found [Rating of the first sorted hotel is differ than expected]]]>
            </message>
            <full-stacktrace>
              <![CDATA[java.lang.AssertionError: Оценка 6,1 expected [Оценка 6,3] but found [Rating of the first sorted hotel is differ than expected]
at org.testng.Assert.fail(Assert.java:111)
at org.testng.Assert.failNotEquals(Assert.java:1578)
at org.testng.Assert.assertEqualsImpl(Assert.java:150)
at org.testng.Assert.assertEquals(Assert.java:132)
at org.testng.Assert.assertEquals(Assert.java:656)
at pages.booking.BookingSearchResultsXPath.checkOutFinalRating(BookingSearchResultsXPath.java:61)
at tests.testng.tests.BookingParisSearchTests.BookingParisSearch(BookingParisSearchTests.java:37)
at java.base/jdk.internal.reflect.DirectMethodHandleAccessor.invoke(DirectMethodHandleAccessor.java:103)
at java.base/java.lang.reflect.Method.invoke(Method.java:580)
at org.testng.internal.invokers.MethodInvocationHelper.invokeMethod(MethodInvocationHelper.java:139)
at org.testng.internal.invokers.TestInvoker.invokeMethod(TestInvoker.java:664)
at org.testng.internal.invokers.TestInvoker.invokeTestMethod(TestInvoker.java:228)
at org.testng.internal.invokers.MethodRunner.runInSequence(MethodRunner.java:63)
at org.testng.internal.invokers.TestInvoker$MethodInvocationAgent.invoke(TestInvoker.java:961)
at org.testng.internal.invokers.TestInvoker.invokeTestMethods(TestInvoker.java:201)
at org.testng.internal.invokers.TestMethodWorker.invokeTestMethods(TestMethodWorker.java:148)
at org.testng.internal.invokers.TestMethodWorker.run(TestMethodWorker.java:128)
at java.base/java.util.ArrayList.forEach(ArrayList.java:1596)
at org.testng.TestRunner.privateRun(TestRunner.java:819)
at org.testng.TestRunner.run(TestRunner.java:619)
at org.testng.SuiteRunner.runTest(SuiteRunner.java:443)
at org.testng.SuiteRunner.runSequentially(SuiteRunner.java:437)
at org.testng.SuiteRunner.privateRun(SuiteRunner.java:397)
at org.testng.SuiteRunner.run(SuiteRunner.java:336)
at org.testng.SuiteRunnerWorker.runSuite(SuiteRunnerWorker.java:52)
at org.testng.SuiteRunnerWorker.run(SuiteRunnerWorker.java:95)
at org.testng.TestNG.runSuitesSequentially(TestNG.java:1301)
at org.testng.TestNG.runSuitesLocally(TestNG.java:1228)
at org.testng.TestNG.runSuites(TestNG.java:1134)
at org.testng.TestNG.run(TestNG.java:1101)
at runners.BookingTestNGRunner.main(BookingTestNGRunner.java:16)
]]>
            </full-stacktrace>
          </exception> <!-- java.lang.AssertionError -->
          <reporter-output>
          </reporter-output>
        </test-method> <!-- BookingParisSearch -->
        <test-method is-config="true" signature="closeDriver()[pri:0, instance:tests.testng.tests.BookingParisSearchTests@5ccddd20]" started-at="2024-04-24T17:20:51 MSK" name="closeDriver" finished-at="2024-04-24T17:20:51 MSK" duration-ms="84" status="PASS">
          <reporter-output>
          </reporter-output>
        </test-method> <!-- closeDriver -->
      </class> <!-- tests.testng.tests.BookingParisSearchTests -->
    </test> <!-- BookingParisSearch -->
    <test started-at="2024-04-24T17:20:51 MSK" name="BookingLondonSearch" finished-at="2024-04-24T17:20:59 MSK" duration-ms="7285">
      <class name="tests.testng.tests.BookingLondonSearchTests">
        <test-method signature="BookingLondonSearch()[pri:0, instance:tests.testng.tests.BookingLondonSearchTests@29626d54]" started-at="2024-04-24T17:20:51 MSK" name="BookingLondonSearch" finished-at="2024-04-24T17:20:59 MSK" duration-ms="7155" status="PASS">
          <reporter-output>
          </reporter-output>
        </test-method> <!-- BookingLondonSearch -->
        <test-method is-config="true" signature="DriverInit()[pri:0, instance:tests.testng.tests.BookingLondonSearchTests@29626d54]" started-at="2024-04-24T17:20:51 MSK" name="DriverInit" finished-at="2024-04-24T17:20:51 MSK" duration-ms="0" status="PASS">
          <reporter-output>
          </reporter-output>
        </test-method> <!-- DriverInit -->
        <test-method is-config="true" signature="closeDriver()[pri:0, instance:tests.testng.tests.BookingLondonSearchTests@29626d54]" started-at="2024-04-24T17:20:59 MSK" name="closeDriver" finished-at="2024-04-24T17:20:59 MSK" duration-ms="128" status="PASS">
          <reporter-output>
          </reporter-output>
        </test-method> <!-- closeDriver -->
      </class> <!-- tests.testng.tests.BookingLondonSearchTests -->
    </test> <!-- BookingLondonSearch -->
    <test started-at="2024-04-24T17:20:59 MSK" name="BookingPrahaSearch" finished-at="2024-04-24T17:21:12 MSK" duration-ms="12975">
      <class name="tests.testng.tests.BookingPrahaSearchTests">
        <test-method is-config="true" signature="DriverInit()[pri:0, instance:tests.testng.tests.BookingPrahaSearchTests@e056f20]" started-at="2024-04-24T17:20:59 MSK" name="DriverInit" finished-at="2024-04-24T17:20:59 MSK" duration-ms="0" status="PASS">
          <reporter-output>
          </reporter-output>
        </test-method> <!-- DriverInit -->
        <test-method signature="BookingPrahaSearch()[pri:0, instance:tests.testng.tests.BookingPrahaSearchTests@e056f20]" started-at="2024-04-24T17:20:59 MSK" name="BookingPrahaSearch" finished-at="2024-04-24T17:21:12 MSK" duration-ms="12881" status="PASS">
          <reporter-output>
          </reporter-output>
        </test-method> <!-- BookingPrahaSearch -->
        <test-method is-config="true" signature="closeDriver()[pri:0, instance:tests.testng.tests.BookingPrahaSearchTests@e056f20]" started-at="2024-04-24T17:21:12 MSK" name="closeDriver" finished-at="2024-04-24T17:21:12 MSK" duration-ms="93" status="PASS">
          <reporter-output>
          </reporter-output>
        </test-method> <!-- closeDriver -->
      </class> <!-- tests.testng.tests.BookingPrahaSearchTests -->
    </test> <!-- BookingPrahaSearch -->
    <test started-at="2024-04-24T17:21:12 MSK" name="BookingTooltips" finished-at="2024-04-24T17:21:16 MSK" duration-ms="4596">
      <class name="tests.testng.tests.BookingTooltipTests">
        <test-method is-config="true" signature="DriverInit()[pri:0, instance:tests.testng.tests.BookingTooltipTests@2667f029]" started-at="2024-04-24T17:21:12 MSK" name="DriverInit" finished-at="2024-04-24T17:21:12 MSK" duration-ms="0" status="PASS">
          <reporter-output>
          </reporter-output>
        </test-method> <!-- DriverInit -->
        <test-method signature="BookingTooltips()[pri:0, instance:tests.testng.tests.BookingTooltipTests@2667f029]" started-at="2024-04-24T17:21:12 MSK" name="BookingTooltips" finished-at="2024-04-24T17:21:16 MSK" duration-ms="4473" status="PASS">
          <reporter-output>
          </reporter-output>
        </test-method> <!-- BookingTooltips -->
        <test-method is-config="true" signature="closeDriver()[pri:0, instance:tests.testng.tests.BookingTooltipTests@2667f029]" started-at="2024-04-24T17:21:16 MSK" name="closeDriver" finished-at="2024-04-24T17:21:16 MSK" duration-ms="122" status="PASS">
          <reporter-output>
          </reporter-output>
        </test-method> <!-- closeDriver -->
      </class> <!-- tests.testng.tests.BookingTooltipTests -->
    </test> <!-- BookingTooltips -->
  </suite> <!-- Suite BookingTestNG -->
</testng-results>
